[2025-12-29T12:12:23.413Z] anonimo - Visita inicio - GET /
[2025-12-29T12:12:53.382Z] anonimo - Login fallido - POST /login
[2025-12-29T12:13:17.065Z] anonimo - Registro con errores - POST /registro
[2025-12-29T12:13:57.790Z] anonimo - Registro correcto - POST /registro
[2025-12-29T12:14:13.544Z] anonimo - Registro duplicado - POST /registro
[2025-12-29T12:14:26.250Z] anonimo - Registro correcto - POST /registro
[2025-12-29T12:14:37.859Z] b@b.com - Login correcto - POST /login
[2025-12-29T12:14:37.871Z] b@b.com - Acceso a perfil - GET /perfil
[2025-12-29T12:16:20.475Z] anonimo - Acceso denegado (sin login) - GET /perfil
[2025-12-29T12:26:26.970Z] a@a.com - Login correcto - POST /login
[2025-12-29T12:26:26.977Z] a@a.com - Acceso a perfil - GET /perfil
[2025-12-29T12:26:33.621Z] a@a.com - Cambio de tema a claro - GET /preferencias
[2025-12-29T12:26:38.549Z] a@a.com - Cambio de tema a oscuro - GET /preferencias
[2025-12-29T12:26:39.324Z] a@a.com - Cambio de tema a claro - GET /preferencias
[2025-12-29T12:26:44.862Z] a@a.com - Cambio de tema a oscuro - GET /preferencias
[2025-12-29T12:30:23.453Z] a@a.com - Cambio de tema a claro - GET /preferencias
[2025-12-29T12:30:24.565Z] a@a.com - Cambio de tema a oscuro - GET /preferencias
[2025-12-29T12:30:25.572Z] a@a.com - Visita inicio - GET /
[2025-12-29T12:30:31.925Z] a@a.com - Acceso a sesiones - GET /sesiones
[2025-12-29T12:30:45.593Z] a@a.com - Añade al carrito: Conexión SupraConsciente - POST /sesiones/add
[2025-12-29T12:30:45.597Z] a@a.com - Acceso a sesiones - GET /sesiones
[2025-12-29T12:30:47.806Z] a@a.com - Añade al carrito: Descanso Mental Express - POST /sesiones/add
[2025-12-29T12:30:47.809Z] a@a.com - Acceso a sesiones - GET /sesiones
[2025-12-29T12:38:27.775Z] a@a.com - Acceso a sesiones - GET /sesiones
[2025-12-29T12:40:12.567Z] a@a.com - Acceso a sesiones - GET /sesiones
[2025-12-29T12:40:15.278Z] a@a.com - Visita inicio - GET /
[2025-12-29T12:40:18.245Z] a@a.com - Acceso a sesiones - GET /sesiones
[2025-12-29T12:40:22.844Z] a@a.com - Acceso a perfil - GET /perfil
[2025-12-29T12:40:27.405Z] a@a.com - Acceso a sesiones - GET /sesiones
[2025-12-29T13:37:48.570Z] anonimo - Acceso denegado (sin login) - GET /sesiones
[2025-12-29T13:37:58.626Z] b@b.com - Login correcto - POST /login
[2025-12-29T13:37:58.632Z] b@b.com - Acceso a perfil - GET /perfil
[2025-12-29T13:38:05.485Z] b@b.com - Visita inicio - GET /
[2025-12-29T13:38:08.262Z] b@b.com - Acceso a sesiones - GET /sesiones
[2025-12-29T13:38:10.995Z] b@b.com - Añade al carrito: Descanso Mental Express - POST /sesiones/add
[2025-12-29T13:38:10.999Z] b@b.com - Acceso a sesiones - GET /sesiones
[2025-12-29T13:40:23.884Z] b@b.com - Acceso a sesiones - GET /sesiones
[2025-12-29T13:44:00.308Z] b@b.com - Acceso a sesiones - GET /sesiones
[2025-12-29T13:44:17.429Z] b@b.com - Añade al carrito: Descanso Mental Express - POST /sesiones/add
[2025-12-29T13:44:17.433Z] b@b.com - Acceso a sesiones - GET /sesiones
[2025-12-29T13:44:18.544Z] b@b.com - Añade al carrito: Conexión SupraConsciente - POST /sesiones/add
[2025-12-29T13:44:18.549Z] b@b.com - Acceso a sesiones - GET /sesiones
[2025-12-29T13:44:19.527Z] b@b.com - Añade al carrito: Meditación del Despertar - POST /sesiones/add
[2025-12-29T13:44:19.532Z] b@b.com - Acceso a sesiones - GET /sesiones
[2025-12-29T13:44:23.577Z] b@b.com - Elimina del carrito: Descanso Mental Express - POST /sesiones/eliminar
[2025-12-29T13:44:23.581Z] b@b.com - Acceso a sesiones - GET /sesiones
[2025-12-29T13:44:26.327Z] b@b.com - Vacía carrito - POST /sesiones/vaciar
[2025-12-29T13:44:26.332Z] b@b.com - Acceso a sesiones - GET /sesiones
[2025-12-29T13:44:27.623Z] b@b.com - Acceso a perfil - GET /perfil
[2025-12-29T16:38:25.250Z] anonimo - Visita inicio - GET /
[2025-12-29T16:40:28.001Z] anonimo - Visita inicio - GET /
[2025-12-29T16:41:14.218Z] anonimo - Visita inicio - GET /
[2025-12-29T16:41:19.096Z] anonimo - Visita inicio - GET /
[2025-12-29T16:41:20.408Z] anonimo - Visita inicio - GET /
[2025-12-29T16:41:20.552Z] anonimo - Visita inicio - GET /
[2025-12-29T16:41:20.896Z] anonimo - Visita inicio - GET /
[2025-12-29T16:42:02.928Z] anonimo - Visita inicio - GET /
[2025-12-29T16:42:04.950Z] anonimo - Visita inicio - GET /
[2025-12-29T16:42:20.318Z] anonimo - Visita inicio - GET /
[2025-12-29T16:51:37.254Z] anonimo - Visita inicio - GET /
[2025-12-29T16:54:19.287Z] anonimo - Visita inicio - GET /
[2025-12-29T16:54:56.125Z] anonimo - Visita inicio - GET /
[2025-12-29T16:57:42.793Z] anonimo - Cambio de tema a claro - GET /preferencias
[2025-12-29T16:57:44.336Z] anonimo - Visita inicio - GET /
[2025-12-29T16:58:24.774Z] anonimo - Visita inicio - GET /
[2025-12-29T16:58:51.983Z] anonimo - Visita inicio - GET /
[2025-12-29T16:59:51.741Z] anonimo - Visita inicio - GET /
[2025-12-29T17:00:15.820Z] anonimo - Visita inicio - GET /
[2025-12-29T17:00:19.619Z] anonimo - Cambio de tema a oscuro - GET /preferencias
[2025-12-29T17:00:21.018Z] anonimo - Visita inicio - GET /
[2025-12-29T17:01:02.584Z] a@a.com - Login correcto - POST /login
[2025-12-29T17:01:02.592Z] a@a.com - Acceso a perfil - GET /perfil
[2025-12-29T17:01:09.776Z] a@a.com - Acceso a sesiones - GET /sesiones
[2025-12-29T17:03:27.497Z] a@a.com - Acceso a sesiones - GET /sesiones
[2025-12-29T17:04:01.586Z] a@a.com - Acceso a sesiones - GET /sesiones
[2025-12-29T17:06:34.598Z] a@a.com - Acceso a sesiones - GET /sesiones
[2025-12-29T17:08:44.951Z] a@a.com - Acceso a sesiones - GET /sesiones
[2025-12-29T17:09:02.630Z] a@a.com - Acceso a sesiones - GET /sesiones
[2025-12-29T17:13:47.926Z] a@a.com - Acceso a sesiones - GET /sesiones
[2025-12-29T17:22:20.719Z] a@a.com - Acceso a sesiones - GET /sesiones
[2025-12-29T17:27:40.477Z] a@a.com - Acceso a sesiones - GET /sesiones
[2025-12-29T17:29:22.777Z] a@a.com - Añade al carrito: Conexión SupraConsciente - POST /sesiones/add
[2025-12-29T17:29:22.780Z] a@a.com - Acceso a sesiones - GET /sesiones
[2025-12-29T17:33:22.670Z] a@a.com - Acceso a sesiones - GET /sesiones
[2025-12-29T17:34:11.715Z] a@a.com - Acceso a sesiones - GET /sesiones
[2025-12-29T17:35:44.790Z] a@a.com - Acceso a sesiones - GET /sesiones
[2025-12-29T17:37:41.909Z] a@a.com - Acceso a sesiones - GET /sesiones
[2025-12-29T17:37:44.726Z] a@a.com - Añade al carrito: Conexión SupraConsciente - POST /sesiones/add
[2025-12-29T17:37:44.730Z] a@a.com - Acceso a sesiones - GET /sesiones
[2025-12-29T17:37:46.675Z] a@a.com - Añade al carrito: Descanso Mental Express - POST /sesiones/add
[2025-12-29T17:37:46.680Z] a@a.com - Acceso a sesiones - GET /sesiones
[2025-12-29T17:37:51.791Z] a@a.com - Elimina del carrito: Conexión SupraConsciente - POST /sesiones/eliminar
[2025-12-29T17:37:51.796Z] a@a.com - Acceso a sesiones - GET /sesiones
[2025-12-29T17:37:52.924Z] a@a.com - Vacía carrito - POST /sesiones/vaciar
[2025-12-29T17:37:52.929Z] a@a.com - Acceso a sesiones - GET /sesiones
[2025-12-29T17:37:54.010Z] a@a.com - Visita inicio - GET /
[2025-12-29T17:39:14.820Z] a@a.com - Visita inicio - GET /
[2025-12-29T17:42:26.744Z] a@a.com - Cambio de tema a claro - GET /preferencias
[2025-12-29T17:42:28.249Z] a@a.com - Visita inicio - GET /
[2025-12-29T17:42:39.209Z] a@a.com - Acceso a sesiones - GET /sesiones
[2025-12-29T17:43:16.638Z] a@a.com - Añade al carrito: Meditación del Despertar - POST /sesiones/add
[2025-12-29T17:43:16.642Z] a@a.com - Acceso a sesiones - GET /sesiones
[2025-12-29T17:43:17.953Z] a@a.com - Añade al carrito: Descanso Mental Express - POST /sesiones/add
[2025-12-29T17:43:17.958Z] a@a.com - Acceso a sesiones - GET /sesiones
[2025-12-29T17:44:10.549Z] a@a.com - Acceso a sesiones - GET /sesiones
[2025-12-29T17:44:15.227Z] a@a.com - Añade al carrito: Meditación del Despertar - POST /sesiones/add
[2025-12-29T17:44:15.232Z] a@a.com - Acceso a sesiones - GET /sesiones
[2025-12-29T17:44:19.128Z] a@a.com - Elimina del carrito: Descanso Mental Express - POST /sesiones/eliminar
[2025-12-29T17:44:19.133Z] a@a.com - Acceso a sesiones - GET /sesiones
[2025-12-29T17:46:40.866Z] a@a.com - Acceso a perfil - GET /perfil
[2025-12-29T17:48:35.429Z] a@a.com - Acceso a perfil - GET /perfil
[2025-12-29T17:48:38.377Z] a@a.com - Acceso a sesiones - GET /sesiones
[2025-12-29T17:48:46.224Z] a@a.com - Visita inicio - GET /
[2025-12-29T17:48:49.064Z] a@a.com - Cambio de tema a oscuro - GET /preferencias
[2025-12-29T17:48:50.545Z] a@a.com - Visita inicio - GET /
[2025-12-29T17:48:53.410Z] a@a.com - Acceso a sesiones - GET /sesiones
[2025-12-29T17:48:57.209Z] a@a.com - Visita inicio - GET /
[2025-12-30T09:02:47.087Z] anonimo - Visita inicio - GET /
[2025-12-30T09:03:31.194Z] anonimo - Cambio de tema a claro - GET /preferencias
[2025-12-30T09:03:31.936Z] anonimo - Visita inicio - GET /
[2025-12-30T09:03:35.369Z] anonimo - Acceso denegado (sin login) - GET /sesiones
[2025-12-30T10:14:13.792Z] anonimo - Visita inicio - GET /
